{"level":"info","message":"Posts obtidos com sucesso","service":"user-service"}
{"level":"info","message":"Posts obtidos com sucesso","service":"user-service"}
{"level":"info","message":"Posts obtidos com sucesso"}
{"level":"info","message":"Posts obtidos com sucesso"}
{"level":"error","message":"Ops, alguma coisa ocorreu mal"}
{"level":"error","message":"1709444289903 Ops, alguma coisa ocorreu mal"}
{"level":"error","message":"1709444333771 Ops, alguma coisa ocorreu mal"}
{"level":"error","message":"Sat Mar 02 2024 21:46:45 GMT-0800 (Pacific Standard Time) Ops, alguma coisa ocorreu mal"}
{"level":"error","message":"Sat Mar 02 2024 21:47:32 GMT-0800 (Pacific Standard Time) - Ops, alguma coisa ocorreu mal"}
{"level":"error","message":"Sat Mar 02 2024 21:48:56 GMT-0800 (Pacific Standard Time): Ops, alguma coisa ocorreu mal"}
{"level":"info","message":"Sat Mar 02 2024 21:56:03 GMT-0800 (Pacific Standard Time): Posts obtidos com sucesso"}
{"level":"info","message":"Sat Mar 02 2024 22:05:56 GMT-0800 (Pacific Standard Time): Posts obtidos com sucesso"}
{"level":"info","message":"Sat Mar 02 2024 22:07:00 GMT-0800 (Pacific Standard Time): Posts obtidos com sucesso"}
{"level":"info","message":"Sat Mar 02 2024 22:10:27 GMT-0800 (Pacific Standard Time): Posts obtidos com sucesso"}
{"level":"info","message":"Sat Mar 02 2024 22:10:48 GMT-0800 (Pacific Standard Time): Posts obtidos com sucesso"}
{"level":"info","message":"Sat Mar 02 2024 22:22:13 GMT-0800 (Pacific Standard Time): Posts obtidos com sucesso"}
{"level":"info","message":"Sat Mar 02 2024 22:26:36 GMT-0800 (Pacific Standard Time): Posts obtidos com sucesso"}
{"level":"info","message":"Sat Mar 02 2024 22:28:17 GMT-0800 (Pacific Standard Time): Posts obtidos com sucesso"}
{"level":"info","message":"Sat Mar 02 2024 22:28:20 GMT-0800 (Pacific Standard Time): Posts obtidos com sucesso"}
{"level":"info","message":"Sat Mar 02 2024 22:28:47 GMT-0800 (Pacific Standard Time): Posts obtidos com sucesso"}
{"level":"info","message":"Sat Mar 02 2024 22:29:08 GMT-0800 (Pacific Standard Time): Posts obtidos com sucesso"}
{"level":"info","message":"Sat Mar 02 2024 22:29:26 GMT-0800 (Pacific Standard Time): Posts obtidos com sucesso"}
{"level":"info","message":"Sat Mar 02 2024 22:45:50 GMT-0800 (Pacific Standard Time): Posts obtidos com sucesso"}
{"level":"info","message":"Sat Mar 02 2024 22:46:14 GMT-0800 (Pacific Standard Time): Posts obtidos com sucesso"}
{"level":"info","message":"Sat Mar 02 2024 22:46:24 GMT-0800 (Pacific Standard Time): Posts obtidos com sucesso"}
{"level":"info","message":"Sat Mar 02 2024 22:46:29 GMT-0800 (Pacific Standard Time): Posts obtidos com sucesso"}
{"level":"info","message":"Sat Mar 02 2024 22:56:44 GMT-0800 (Pacific Standard Time): Posts obtidos com sucesso"}
{"level":"info","message":"Sat Mar 02 2024 22:58:05 GMT-0800 (Pacific Standard Time): Posts obtidos com sucesso"}
{"level":"info","message":"Sat Mar 02 2024 22:58:33 GMT-0800 (Pacific Standard Time): Posts obtidos com sucesso"}
{"level":"info","message":"Sat Mar 02 2024 23:12:56 GMT-0800 (Pacific Standard Time): Posts obtidos com sucesso"}
{"level":"info","message":"Sat Mar 02 2024 23:14:32 GMT-0800 (Pacific Standard Time): Posts obtidos com sucesso"}
{"level":"info","message":"Sun Mar 03 2024 12:39:16 GMT-0800 (Pacific Standard Time): Posts obtidos com sucesso"}
